<?xml version="1.0" encoding="UTF-8"?>
<!-- Generated by org.testng.reporters.JUnitReportReporter -->
<testsuite hostname="DESKTOP-28161K9" failures="0" tests="1" name="LoginTest.launchLoginTest" time="6.684" errors="0" timestamp="2023-03-20T00:05:59 IST" skipped="0">
  <testcase classname="LoginTest.launchLoginTest" name="lauchWeb" time="6.684"/>
  <system-out/>
</testsuite> <!-- LoginTest.launchLoginTest -->
