<?xml version="1.0" encoding="UTF-8"?>
<!-- Generated by org.testng.reporters.JUnitReportReporter -->
<testsuite hostname="DESKTOP-28161K9" failures="0" tests="1" name="LoginTest.launchLoginTest" time="7.204" errors="0" timestamp="2023-03-22T23:15:59 IST" skipped="0">
  <testcase classname="LoginTest.launchLoginTest" name="lauchWeb" time="7.204"/>
  <system-out/>
</testsuite> <!-- LoginTest.launchLoginTest -->
