<?xml version="1.0" encoding="UTF-8"?>
<!-- Generated by org.testng.reporters.JUnitReportReporter -->
<testsuite hostname="DESKTOP-28161K9" failures="0" tests="1" name="LoginTest.launchLogin" time="10.205" errors="0" timestamp="2023-03-18T00:03:24 IST" skipped="0">
  <testcase classname="LoginTest.launchLogin" name="lauchWeb" time="10.205"/>
  <system-out/>
</testsuite> <!-- LoginTest.launchLogin -->
