<?xml version="1.0" encoding="UTF-8"?>
<!-- Generated by org.testng.reporters.JUnitReportReporter -->
<testsuite hostname="DESKTOP-28161K9" failures="0" tests="1" name="LoginTest.launchLoginTest" time="11.043" errors="0" timestamp="2023-03-22T00:04:56 IST" skipped="0">
  <testcase classname="LoginTest.launchLoginTest" name="lauchWeb" time="11.043"/>
  <system-out/>
</testsuite> <!-- LoginTest.launchLoginTest -->
