<?xml version="1.0" encoding="UTF-8"?>
<!-- Generated by org.testng.reporters.JUnitReportReporter -->
<testsuite hostname="DESKTOP-28161K9" failures="0" tests="1" name="LoginTest.loginTest" time="5.001" errors="0" timestamp="2023-03-20T00:05:59 IST" skipped="0">
  <testcase classname="LoginTest.loginTest" name="login" time="5.001"/>
  <system-out/>
</testsuite> <!-- LoginTest.loginTest -->
